[2025-03-01T01:34:32.238483+01:00] app.INFO: User registered: david@paredes.com [] []
[2025-03-01T03:47:06.244523+01:00] app.INFO: User registered: johndoe@example.com [] []
[2025-03-01T03:47:34.494714+01:00] app.INFO: User registered: johndoe2@example.com [] []
[2025-03-01T04:55:54.743382+01:00] app.INFO: User registered: david@paredesabanto.com [] []
[2025-03-01T04:55:54.866377+01:00] app.INFO: User registered: david@test.com [] []
[2025-03-01T05:00:12.282654+01:00] app.INFO: User registered: david@testemail.com [] []
[2025-03-01T05:03:39.539457+01:00] app.INFO: User registered: david@atestemail.com [] []
[2025-03-01T05:19:09.592494+01:00] app.INFO: User registered: david@paredesabanto.com [] []
[2025-03-01T05:19:09.705492+01:00] app.INFO: User registered: david@test.com [] []
[2025-03-01T05:19:09.813040+01:00] app.INFO: User registered: david@testemail.com [] []
[2025-03-01T05:19:55.377267+01:00] app.INFO: User registered: david@paredesabanto.com [] []
[2025-03-01T05:19:55.494245+01:00] app.INFO: User registered: david@test.com [] []
[2025-03-01T05:19:55.600469+01:00] app.INFO: User registered: david@testemail.com [] []
[2025-03-01T05:23:14.444804+01:00] app.INFO: User registered: david@test.com [] []
[2025-03-01T05:26:30.576225+01:00] app.INFO: User registered: david@test.com [] []
[2025-03-01T05:27:48.694999+01:00] app.INFO: User registered: david@test.com [] []
[2025-03-01T05:27:57.149339+01:00] app.INFO: User registered: david@test.com [] []
[2025-03-01T05:28:37.562792+01:00] app.INFO: User registered: david@paredesabanto.com [] []
[2025-03-01T05:28:37.677898+01:00] app.INFO: User registered: david@test.com [] []
[2025-03-01T05:28:37.780660+01:00] app.INFO: User registered: david@testemail.com [] []
[2025-03-01T16:47:44.211670+01:00] app.INFO: User registered: david@test.com [] []
[2025-03-01T16:47:44.312409+01:00] app.INFO: User registered: david@testemail.com [] []
[2025-03-01T16:47:44.464765+01:00] app.INFO: User registered: david@paredesabanto.com [] []
